2017-06-19 07:57:35,241 ERROR    jiachengyu [Errno 2] No such file or directory: u'./html/ARABAU2S/20170619/ARABAU2S.html'
2017-06-19 07:57:35,241 ERROR    jiachengyu [Errno 2] No such file or directory: u'./html/ARABAU2S/20170619/ARABAU2S.html'
2017-06-19 07:57:35,241 ERROR    jiachengyu [Errno 2] No such file or directory: u'./html/ARABAU2S/20170619/ARABAU2S.html'
2017-06-19 07:57:42,007 ERROR    jiachengyu <urlopen error [Errno 8] nodename nor servname provided, or not known>
2017-06-19 07:57:42,007 ERROR    jiachengyu <urlopen error [Errno 8] nodename nor servname provided, or not known>
2017-06-19 07:57:42,007 ERROR    jiachengyu <urlopen error [Errno 8] nodename nor servname provided, or not known>
2017-06-19 07:58:00,067 ERROR    jiachengyu [Errno 2] No such file or directory: u'./html/ASLLAU2C/20170619/ASLLAU2C.html'
2017-06-19 07:58:00,067 ERROR    jiachengyu [Errno 2] No such file or directory: u'./html/ASLLAU2C/20170619/ASLLAU2C.html'
2017-06-19 07:58:00,067 ERROR    jiachengyu [Errno 2] No such file or directory: u'./html/ASLLAU2C/20170619/ASLLAU2C.html'
2017-06-19 07:58:14,156 ERROR    jiachengyu HTTP Error 301: The HTTP server returned a redirect error that would lead to an infinite loop.
The last 30x error message was:
Moved Permanently
2017-06-19 07:58:14,156 ERROR    jiachengyu HTTP Error 301: The HTTP server returned a redirect error that would lead to an infinite loop.
The last 30x error message was:
Moved Permanently
2017-06-19 07:58:14,156 ERROR    jiachengyu HTTP Error 301: The HTTP server returned a redirect error that would lead to an infinite loop.
The last 30x error message was:
Moved Permanently
2017-06-19 07:58:34,530 ERROR    jiachengyu [Errno 2] No such file or directory: u'./html/QBANAU4B/20170619/QBANAU4B.html'
2017-06-19 07:58:34,530 ERROR    jiachengyu [Errno 2] No such file or directory: u'./html/QBANAU4B/20170619/QBANAU4B.html'
2017-06-19 07:58:34,530 ERROR    jiachengyu [Errno 2] No such file or directory: u'./html/QBANAU4B/20170619/QBANAU4B.html'
2017-06-19 07:58:50,247 ERROR    jiachengyu HTTP Error 301: The HTTP server returned a redirect error that would lead to an infinite loop.
The last 30x error message was:
Moved Permanently
2017-06-19 07:58:50,247 ERROR    jiachengyu HTTP Error 301: The HTTP server returned a redirect error that would lead to an infinite loop.
The last 30x error message was:
Moved Permanently
2017-06-19 07:58:50,247 ERROR    jiachengyu HTTP Error 301: The HTTP server returned a redirect error that would lead to an infinite loop.
The last 30x error message was:
Moved Permanently
2017-06-19 07:59:11,702 ERROR    jiachengyu [Errno 2] No such file or directory: u'./html/LIKIAU2S/20170619/LIKIAU2S.html'
2017-06-19 07:59:11,702 ERROR    jiachengyu [Errno 2] No such file or directory: u'./html/LIKIAU2S/20170619/LIKIAU2S.html'
2017-06-19 07:59:11,702 ERROR    jiachengyu [Errno 2] No such file or directory: u'./html/LIKIAU2S/20170619/LIKIAU2S.html'
2017-06-19 07:59:24,913 ERROR    jiachengyu HTTP Error 301: The HTTP server returned a redirect error that would lead to an infinite loop.
The last 30x error message was:
Moved Permanently
2017-06-19 07:59:24,913 ERROR    jiachengyu HTTP Error 301: The HTTP server returned a redirect error that would lead to an infinite loop.
The last 30x error message was:
Moved Permanently
2017-06-19 07:59:24,913 ERROR    jiachengyu HTTP Error 301: The HTTP server returned a redirect error that would lead to an infinite loop.
The last 30x error message was:
Moved Permanently
2017-06-19 07:59:45,799 ERROR    jiachengyu [Errno 2] No such file or directory: u'./html/CITIAU2X/20170619/CITIAU2X.html'
2017-06-19 07:59:45,799 ERROR    jiachengyu [Errno 2] No such file or directory: u'./html/CITIAU2X/20170619/CITIAU2X.html'
2017-06-19 07:59:45,799 ERROR    jiachengyu [Errno 2] No such file or directory: u'./html/CITIAU2X/20170619/CITIAU2X.html'
2017-06-19 08:00:00,548 ERROR    jiachengyu HTTP Error 301: The HTTP server returned a redirect error that would lead to an infinite loop.
The last 30x error message was:
Moved Permanently
2017-06-19 08:00:00,548 ERROR    jiachengyu HTTP Error 301: The HTTP server returned a redirect error that would lead to an infinite loop.
The last 30x error message was:
Moved Permanently
2017-06-19 08:00:00,548 ERROR    jiachengyu HTTP Error 301: The HTTP server returned a redirect error that would lead to an infinite loop.
The last 30x error message was:
Moved Permanently
2017-06-19 08:00:21,436 ERROR    jiachengyu [Errno 2] No such file or directory: u'./html/CUSCAU2S/20170619/CUSCAU2S.html'
2017-06-19 08:00:21,436 ERROR    jiachengyu [Errno 2] No such file or directory: u'./html/CUSCAU2S/20170619/CUSCAU2S.html'
2017-06-19 08:00:21,436 ERROR    jiachengyu [Errno 2] No such file or directory: u'./html/CUSCAU2S/20170619/CUSCAU2S.html'
2017-06-19 08:00:34,781 ERROR    jiachengyu HTTP Error 301: The HTTP server returned a redirect error that would lead to an infinite loop.
The last 30x error message was:
Moved Permanently
2017-06-19 08:00:34,781 ERROR    jiachengyu HTTP Error 301: The HTTP server returned a redirect error that would lead to an infinite loop.
The last 30x error message was:
Moved Permanently
2017-06-19 08:00:34,781 ERROR    jiachengyu HTTP Error 301: The HTTP server returned a redirect error that would lead to an infinite loop.
The last 30x error message was:
Moved Permanently
2017-06-19 08:00:57,318 ERROR    jiachengyu [Errno 2] No such file or directory: u'./html/HKBAAU2S/20170619/HKBAAU2S.html'
2017-06-19 08:00:57,318 ERROR    jiachengyu [Errno 2] No such file or directory: u'./html/HKBAAU2S/20170619/HKBAAU2S.html'
2017-06-19 08:00:57,318 ERROR    jiachengyu [Errno 2] No such file or directory: u'./html/HKBAAU2S/20170619/HKBAAU2S.html'
2017-06-19 08:01:13,151 ERROR    jiachengyu HTTP Error 301: The HTTP server returned a redirect error that would lead to an infinite loop.
The last 30x error message was:
Moved Permanently
2017-06-19 08:01:13,151 ERROR    jiachengyu HTTP Error 301: The HTTP server returned a redirect error that would lead to an infinite loop.
The last 30x error message was:
Moved Permanently
2017-06-19 08:01:13,151 ERROR    jiachengyu HTTP Error 301: The HTTP server returned a redirect error that would lead to an infinite loop.
The last 30x error message was:
Moved Permanently
2017-06-19 08:01:33,851 ERROR    jiachengyu [Errno 2] No such file or directory: u'./html/KOEXAU2S/20170619/KOEXAU2S.html'
2017-06-19 08:01:33,851 ERROR    jiachengyu [Errno 2] No such file or directory: u'./html/KOEXAU2S/20170619/KOEXAU2S.html'
2017-06-19 08:01:33,851 ERROR    jiachengyu [Errno 2] No such file or directory: u'./html/KOEXAU2S/20170619/KOEXAU2S.html'
2017-06-19 08:01:47,690 ERROR    jiachengyu HTTP Error 301: The HTTP server returned a redirect error that would lead to an infinite loop.
The last 30x error message was:
Moved Permanently
2017-06-19 08:01:47,690 ERROR    jiachengyu HTTP Error 301: The HTTP server returned a redirect error that would lead to an infinite loop.
The last 30x error message was:
Moved Permanently
2017-06-19 08:01:47,690 ERROR    jiachengyu HTTP Error 301: The HTTP server returned a redirect error that would lead to an infinite loop.
The last 30x error message was:
Moved Permanently
2017-06-19 08:02:09,132 ERROR    jiachengyu [Errno 2] No such file or directory: u'./html/NATAAU33/20170619/NATAAU33.html'
2017-06-19 08:02:09,132 ERROR    jiachengyu [Errno 2] No such file or directory: u'./html/NATAAU33/20170619/NATAAU33.html'
2017-06-19 08:02:09,132 ERROR    jiachengyu [Errno 2] No such file or directory: u'./html/NATAAU33/20170619/NATAAU33.html'
2017-06-19 08:02:25,270 ERROR    jiachengyu HTTP Error 301: The HTTP server returned a redirect error that would lead to an infinite loop.
The last 30x error message was:
Moved Permanently
2017-06-19 08:02:25,270 ERROR    jiachengyu HTTP Error 301: The HTTP server returned a redirect error that would lead to an infinite loop.
The last 30x error message was:
Moved Permanently
2017-06-19 08:02:25,270 ERROR    jiachengyu HTTP Error 301: The HTTP server returned a redirect error that would lead to an infinite loop.
The last 30x error message was:
Moved Permanently
2017-06-19 08:02:46,391 ERROR    jiachengyu [Errno 2] No such file or directory: u'./html/RSBKAU2S/20170619/RSBKAU2S.html'
2017-06-19 08:02:46,391 ERROR    jiachengyu [Errno 2] No such file or directory: u'./html/RSBKAU2S/20170619/RSBKAU2S.html'
2017-06-19 08:02:46,391 ERROR    jiachengyu [Errno 2] No such file or directory: u'./html/RSBKAU2S/20170619/RSBKAU2S.html'
2017-06-19 08:03:00,610 ERROR    jiachengyu HTTP Error 301: The HTTP server returned a redirect error that would lead to an infinite loop.
The last 30x error message was:
Moved Permanently
2017-06-19 08:03:00,610 ERROR    jiachengyu HTTP Error 301: The HTTP server returned a redirect error that would lead to an infinite loop.
The last 30x error message was:
Moved Permanently
2017-06-19 08:03:00,610 ERROR    jiachengyu HTTP Error 301: The HTTP server returned a redirect error that would lead to an infinite loop.
The last 30x error message was:
Moved Permanently
2017-06-19 08:03:20,378 ERROR    jiachengyu [Errno 2] No such file or directory: u'./html/SSALAU2X/20170619/SSALAU2X.html'
2017-06-19 08:03:20,378 ERROR    jiachengyu [Errno 2] No such file or directory: u'./html/SSALAU2X/20170619/SSALAU2X.html'
2017-06-19 08:03:20,378 ERROR    jiachengyu [Errno 2] No such file or directory: u'./html/SSALAU2X/20170619/SSALAU2X.html'
2017-06-19 08:03:36,738 ERROR    jiachengyu HTTP Error 301: The HTTP server returned a redirect error that would lead to an infinite loop.
The last 30x error message was:
Moved Permanently
2017-06-19 08:03:36,738 ERROR    jiachengyu HTTP Error 301: The HTTP server returned a redirect error that would lead to an infinite loop.
The last 30x error message was:
Moved Permanently
2017-06-19 08:03:36,738 ERROR    jiachengyu HTTP Error 301: The HTTP server returned a redirect error that would lead to an infinite loop.
The last 30x error message was:
Moved Permanently
2017-06-19 08:03:55,914 ERROR    jiachengyu [Errno 2] No such file or directory: u'./html/WPACAU2F/20170619/WPACAU2F.html'
2017-06-19 08:03:55,914 ERROR    jiachengyu [Errno 2] No such file or directory: u'./html/WPACAU2F/20170619/WPACAU2F.html'
2017-06-19 08:03:55,914 ERROR    jiachengyu [Errno 2] No such file or directory: u'./html/WPACAU2F/20170619/WPACAU2F.html'
2017-06-19 08:04:11,892 ERROR    jiachengyu HTTP Error 301: The HTTP server returned a redirect error that would lead to an infinite loop.
The last 30x error message was:
Moved Permanently
2017-06-19 08:04:11,892 ERROR    jiachengyu HTTP Error 301: The HTTP server returned a redirect error that would lead to an infinite loop.
The last 30x error message was:
Moved Permanently
2017-06-19 08:04:11,892 ERROR    jiachengyu HTTP Error 301: The HTTP server returned a redirect error that would lead to an infinite loop.
The last 30x error message was:
Moved Permanently
2017-06-19 08:04:33,360 ERROR    jiachengyu [Errno 2] No such file or directory: u'./html/BOSPPGPM/20170619/BOSPPGPM.html'
2017-06-19 08:04:33,360 ERROR    jiachengyu [Errno 2] No such file or directory: u'./html/BOSPPGPM/20170619/BOSPPGPM.html'
2017-06-19 08:04:33,360 ERROR    jiachengyu [Errno 2] No such file or directory: u'./html/BOSPPGPM/20170619/BOSPPGPM.html'
2017-06-19 08:04:49,791 ERROR    jiachengyu HTTP Error 301: The HTTP server returned a redirect error that would lead to an infinite loop.
The last 30x error message was:
Moved Permanently
2017-06-19 08:04:49,791 ERROR    jiachengyu HTTP Error 301: The HTTP server returned a redirect error that would lead to an infinite loop.
The last 30x error message was:
Moved Permanently
2017-06-19 08:04:49,791 ERROR    jiachengyu HTTP Error 301: The HTTP server returned a redirect error that would lead to an infinite loop.
The last 30x error message was:
Moved Permanently
2017-06-19 08:05:11,127 ERROR    jiachengyu [Errno 2] No such file or directory: u'./html/ALBUVUVV/20170619/ALBUVUVV.html'
2017-06-19 08:05:11,127 ERROR    jiachengyu [Errno 2] No such file or directory: u'./html/ALBUVUVV/20170619/ALBUVUVV.html'
2017-06-19 08:05:11,127 ERROR    jiachengyu [Errno 2] No such file or directory: u'./html/ALBUVUVV/20170619/ALBUVUVV.html'
2017-06-19 08:05:25,428 ERROR    jiachengyu HTTP Error 301: The HTTP server returned a redirect error that would lead to an infinite loop.
The last 30x error message was:
Moved Permanently
2017-06-19 08:05:25,428 ERROR    jiachengyu HTTP Error 301: The HTTP server returned a redirect error that would lead to an infinite loop.
The last 30x error message was:
Moved Permanently
2017-06-19 08:05:25,428 ERROR    jiachengyu HTTP Error 301: The HTTP server returned a redirect error that would lead to an infinite loop.
The last 30x error message was:
Moved Permanently
2017-06-19 08:05:45,738 ERROR    jiachengyu [Errno 2] No such file or directory: u'./html/ANZBNZ22/20170619/ANZBNZ22.html'
2017-06-19 08:05:45,738 ERROR    jiachengyu [Errno 2] No such file or directory: u'./html/ANZBNZ22/20170619/ANZBNZ22.html'
2017-06-19 08:05:45,738 ERROR    jiachengyu [Errno 2] No such file or directory: u'./html/ANZBNZ22/20170619/ANZBNZ22.html'
2017-06-19 08:05:59,503 ERROR    jiachengyu HTTP Error 301: The HTTP server returned a redirect error that would lead to an infinite loop.
The last 30x error message was:
Moved Permanently
2017-06-19 08:05:59,503 ERROR    jiachengyu HTTP Error 301: The HTTP server returned a redirect error that would lead to an infinite loop.
The last 30x error message was:
Moved Permanently
2017-06-19 08:05:59,503 ERROR    jiachengyu HTTP Error 301: The HTTP server returned a redirect error that would lead to an infinite loop.
The last 30x error message was:
Moved Permanently
2017-06-19 08:06:22,706 ERROR    jiachengyu [Errno 2] No such file or directory: u'./html/BKNZNZ22/20170619/BKNZNZ22.html'
2017-06-19 08:06:22,706 ERROR    jiachengyu [Errno 2] No such file or directory: u'./html/BKNZNZ22/20170619/BKNZNZ22.html'
2017-06-19 08:06:22,706 ERROR    jiachengyu [Errno 2] No such file or directory: u'./html/BKNZNZ22/20170619/BKNZNZ22.html'
2017-06-19 08:06:35,898 ERROR    jiachengyu HTTP Error 301: The HTTP server returned a redirect error that would lead to an infinite loop.
The last 30x error message was:
Moved Permanently
2017-06-19 08:06:35,898 ERROR    jiachengyu HTTP Error 301: The HTTP server returned a redirect error that would lead to an infinite loop.
The last 30x error message was:
Moved Permanently
2017-06-19 08:06:35,898 ERROR    jiachengyu HTTP Error 301: The HTTP server returned a redirect error that would lead to an infinite loop.
The last 30x error message was:
Moved Permanently
2017-06-19 08:06:55,194 ERROR    jiachengyu [Errno 2] No such file or directory: u'./html/ICBKNZ2A/20170619/ICBKNZ2A.html'
2017-06-19 08:06:55,194 ERROR    jiachengyu [Errno 2] No such file or directory: u'./html/ICBKNZ2A/20170619/ICBKNZ2A.html'
2017-06-19 08:06:55,194 ERROR    jiachengyu [Errno 2] No such file or directory: u'./html/ICBKNZ2A/20170619/ICBKNZ2A.html'
2017-06-19 08:07:11,248 ERROR    jiachengyu HTTP Error 301: The HTTP server returned a redirect error that would lead to an infinite loop.
The last 30x error message was:
Moved Permanently
2017-06-19 08:07:11,248 ERROR    jiachengyu HTTP Error 301: The HTTP server returned a redirect error that would lead to an infinite loop.
The last 30x error message was:
Moved Permanently
2017-06-19 08:07:11,248 ERROR    jiachengyu HTTP Error 301: The HTTP server returned a redirect error that would lead to an infinite loop.
The last 30x error message was:
Moved Permanently
2017-06-19 08:07:32,497 ERROR    jiachengyu [Errno 2] No such file or directory: u'./html/ABCODZAL/20170619/ABCODZAL.html'
2017-06-19 08:07:32,497 ERROR    jiachengyu [Errno 2] No such file or directory: u'./html/ABCODZAL/20170619/ABCODZAL.html'
2017-06-19 08:07:32,497 ERROR    jiachengyu [Errno 2] No such file or directory: u'./html/ABCODZAL/20170619/ABCODZAL.html'
2017-06-19 08:07:47,667 ERROR    jiachengyu HTTP Error 301: The HTTP server returned a redirect error that would lead to an infinite loop.
The last 30x error message was:
Moved Permanently
2017-06-19 08:07:47,667 ERROR    jiachengyu HTTP Error 301: The HTTP server returned a redirect error that would lead to an infinite loop.
The last 30x error message was:
Moved Permanently
2017-06-19 08:07:47,667 ERROR    jiachengyu HTTP Error 301: The HTTP server returned a redirect error that would lead to an infinite loop.
The last 30x error message was:
Moved Permanently
2017-06-19 08:08:10,226 ERROR    jiachengyu [Errno 2] No such file or directory: u'./html/BDLODZAL/20170619/BDLODZAL.html'
2017-06-19 08:08:10,226 ERROR    jiachengyu [Errno 2] No such file or directory: u'./html/BDLODZAL/20170619/BDLODZAL.html'
2017-06-19 08:08:10,226 ERROR    jiachengyu [Errno 2] No such file or directory: u'./html/BDLODZAL/20170619/BDLODZAL.html'
2017-06-19 08:08:30,132 ERROR    jiachengyu HTTP Error 301: The HTTP server returned a redirect error that would lead to an infinite loop.
The last 30x error message was:
Moved Permanently
2017-06-19 08:08:30,132 ERROR    jiachengyu HTTP Error 301: The HTTP server returned a redirect error that would lead to an infinite loop.
The last 30x error message was:
Moved Permanently
2017-06-19 08:08:30,132 ERROR    jiachengyu HTTP Error 301: The HTTP server returned a redirect error that would lead to an infinite loop.
The last 30x error message was:
Moved Permanently
2017-06-19 08:08:50,954 ERROR    jiachengyu [Errno 2] No such file or directory: u'./html/BEXADZAL/20170619/BEXADZAL.html'
2017-06-19 08:08:50,954 ERROR    jiachengyu [Errno 2] No such file or directory: u'./html/BEXADZAL/20170619/BEXADZAL.html'
2017-06-19 08:08:50,954 ERROR    jiachengyu [Errno 2] No such file or directory: u'./html/BEXADZAL/20170619/BEXADZAL.html'
2017-06-19 08:09:04,979 ERROR    jiachengyu HTTP Error 301: The HTTP server returned a redirect error that would lead to an infinite loop.
The last 30x error message was:
Moved Permanently
2017-06-19 08:09:04,979 ERROR    jiachengyu HTTP Error 301: The HTTP server returned a redirect error that would lead to an infinite loop.
The last 30x error message was:
Moved Permanently
2017-06-19 08:09:04,979 ERROR    jiachengyu HTTP Error 301: The HTTP server returned a redirect error that would lead to an infinite loop.
The last 30x error message was:
Moved Permanently
2017-06-19 08:09:27,211 ERROR    jiachengyu [Errno 2] No such file or directory: u'./html/CPALDZAL/20170619/CPALDZAL.html'
2017-06-19 08:09:27,211 ERROR    jiachengyu [Errno 2] No such file or directory: u'./html/CPALDZAL/20170619/CPALDZAL.html'
2017-06-19 08:09:27,211 ERROR    jiachengyu [Errno 2] No such file or directory: u'./html/CPALDZAL/20170619/CPALDZAL.html'
2017-06-19 14:54:15,187 ERROR    jiachengyu HTTP Error 301: The HTTP server returned a redirect error that would lead to an infinite loop.
The last 30x error message was:
Moved Permanently
2017-06-19 14:54:15,187 ERROR    jiachengyu HTTP Error 301: The HTTP server returned a redirect error that would lead to an infinite loop.
The last 30x error message was:
Moved Permanently
2017-06-19 14:54:15,187 ERROR    jiachengyu HTTP Error 301: The HTTP server returned a redirect error that would lead to an infinite loop.
The last 30x error message was:
Moved Permanently
2017-06-19 14:55:44,276 ERROR    jiachengyu HTTP Error 301: The HTTP server returned a redirect error that would lead to an infinite loop.
The last 30x error message was:
Moved Permanently
2017-06-19 14:55:44,276 ERROR    jiachengyu HTTP Error 301: The HTTP server returned a redirect error that would lead to an infinite loop.
The last 30x error message was:
Moved Permanently
2017-06-19 14:55:44,276 ERROR    jiachengyu HTTP Error 301: The HTTP server returned a redirect error that would lead to an infinite loop.
The last 30x error message was:
Moved Permanently
2017-06-19 14:56:58,685 ERROR    jiachengyu 'gbk' codec can't encode character u'\xa0' in position 25739: illegal multibyte sequence
2017-06-19 14:56:58,685 ERROR    jiachengyu 'gbk' codec can't encode character u'\xa0' in position 25739: illegal multibyte sequence
2017-06-19 14:56:58,685 ERROR    jiachengyu 'gbk' codec can't encode character u'\xa0' in position 25739: illegal multibyte sequence
2017-06-19 14:57:09,986 ERROR    jiachengyu HTTP Error 301: The HTTP server returned a redirect error that would lead to an infinite loop.
The last 30x error message was:
Moved Permanently
2017-06-19 14:57:09,986 ERROR    jiachengyu HTTP Error 301: The HTTP server returned a redirect error that would lead to an infinite loop.
The last 30x error message was:
Moved Permanently
2017-06-19 14:57:09,986 ERROR    jiachengyu HTTP Error 301: The HTTP server returned a redirect error that would lead to an infinite loop.
The last 30x error message was:
Moved Permanently
2017-06-19 14:57:22,074 ERROR    jiachengyu HTTP Error 301: The HTTP server returned a redirect error that would lead to an infinite loop.
The last 30x error message was:
Moved Permanently
2017-06-19 14:57:22,074 ERROR    jiachengyu HTTP Error 301: The HTTP server returned a redirect error that would lead to an infinite loop.
The last 30x error message was:
Moved Permanently
2017-06-19 14:57:22,074 ERROR    jiachengyu HTTP Error 301: The HTTP server returned a redirect error that would lead to an infinite loop.
The last 30x error message was:
Moved Permanently
