2017-06-18 00:00:55,025 ERROR    jiachengyu HTTP Error 301: The HTTP server returned a redirect error that would lead to an infinite loop.
The last 30x error message was:
Moved Permanently
2017-06-18 00:00:55,025 ERROR    jiachengyu HTTP Error 301: The HTTP server returned a redirect error that would lead to an infinite loop.
The last 30x error message was:
Moved Permanently
2017-06-18 00:00:55,025 ERROR    jiachengyu HTTP Error 301: The HTTP server returned a redirect error that would lead to an infinite loop.
The last 30x error message was:
Moved Permanently
2017-06-18 00:20:41,836 ERROR    jiachengyu HTTP Error 301: The HTTP server returned a redirect error that would lead to an infinite loop.
The last 30x error message was:
Moved Permanently
2017-06-18 00:20:41,836 ERROR    jiachengyu HTTP Error 301: The HTTP server returned a redirect error that would lead to an infinite loop.
The last 30x error message was:
Moved Permanently
2017-06-18 00:20:41,836 ERROR    jiachengyu HTTP Error 301: The HTTP server returned a redirect error that would lead to an infinite loop.
The last 30x error message was:
Moved Permanently
2017-06-18 00:21:04,311 ERROR    jiachengyu HTTP Error 301: The HTTP server returned a redirect error that would lead to an infinite loop.
The last 30x error message was:
Moved Permanently
2017-06-18 00:21:04,311 ERROR    jiachengyu HTTP Error 301: The HTTP server returned a redirect error that would lead to an infinite loop.
The last 30x error message was:
Moved Permanently
2017-06-18 00:21:04,311 ERROR    jiachengyu HTTP Error 301: The HTTP server returned a redirect error that would lead to an infinite loop.
The last 30x error message was:
Moved Permanently
2017-06-18 00:21:42,578 ERROR    jiachengyu HTTP Error 301: The HTTP server returned a redirect error that would lead to an infinite loop.
The last 30x error message was:
Moved Permanently
2017-06-18 00:21:42,578 ERROR    jiachengyu HTTP Error 301: The HTTP server returned a redirect error that would lead to an infinite loop.
The last 30x error message was:
Moved Permanently
2017-06-18 00:21:42,578 ERROR    jiachengyu HTTP Error 301: The HTTP server returned a redirect error that would lead to an infinite loop.
The last 30x error message was:
Moved Permanently
2017-06-18 00:25:12,595 ERROR    jiachengyu expected a string or other character buffer object
2017-06-18 00:25:12,595 ERROR    jiachengyu expected a string or other character buffer object
2017-06-18 00:25:12,595 ERROR    jiachengyu expected a string or other character buffer object
2017-06-18 00:25:28,769 ERROR    jiachengyu HTTP Error 301: The HTTP server returned a redirect error that would lead to an infinite loop.
The last 30x error message was:
Moved Permanently
2017-06-18 00:25:28,769 ERROR    jiachengyu HTTP Error 301: The HTTP server returned a redirect error that would lead to an infinite loop.
The last 30x error message was:
Moved Permanently
2017-06-18 00:25:28,769 ERROR    jiachengyu HTTP Error 301: The HTTP server returned a redirect error that would lead to an infinite loop.
The last 30x error message was:
Moved Permanently
2017-06-18 00:25:40,243 ERROR    jiachengyu HTTP Error 301: The HTTP server returned a redirect error that would lead to an infinite loop.
The last 30x error message was:
Moved Permanently
2017-06-18 00:25:40,243 ERROR    jiachengyu HTTP Error 301: The HTTP server returned a redirect error that would lead to an infinite loop.
The last 30x error message was:
Moved Permanently
2017-06-18 00:25:40,243 ERROR    jiachengyu HTTP Error 301: The HTTP server returned a redirect error that would lead to an infinite loop.
The last 30x error message was:
Moved Permanently
2017-06-18 00:28:29,016 ERROR    jiachengyu HTTP Error 301: The HTTP server returned a redirect error that would lead to an infinite loop.
The last 30x error message was:
Moved Permanently
2017-06-18 00:28:29,016 ERROR    jiachengyu HTTP Error 301: The HTTP server returned a redirect error that would lead to an infinite loop.
The last 30x error message was:
Moved Permanently
2017-06-18 00:28:29,016 ERROR    jiachengyu HTTP Error 301: The HTTP server returned a redirect error that would lead to an infinite loop.
The last 30x error message was:
Moved Permanently
2017-06-18 00:30:53,989 ERROR    jiachengyu HTTP Error 301: The HTTP server returned a redirect error that would lead to an infinite loop.
The last 30x error message was:
Moved Permanently
2017-06-18 00:30:53,989 ERROR    jiachengyu HTTP Error 301: The HTTP server returned a redirect error that would lead to an infinite loop.
The last 30x error message was:
Moved Permanently
2017-06-18 00:30:53,989 ERROR    jiachengyu HTTP Error 301: The HTTP server returned a redirect error that would lead to an infinite loop.
The last 30x error message was:
Moved Permanently
2017-06-18 01:02:58,060 ERROR    jiachengyu 'module' object has no attribute 'now'
2017-06-18 01:02:58,060 ERROR    jiachengyu 'module' object has no attribute 'now'
2017-06-18 01:02:58,060 ERROR    jiachengyu 'module' object has no attribute 'now'
2017-06-18 01:03:14,837 ERROR    jiachengyu HTTP Error 301: The HTTP server returned a redirect error that would lead to an infinite loop.
The last 30x error message was:
Moved Permanently
2017-06-18 01:03:14,837 ERROR    jiachengyu HTTP Error 301: The HTTP server returned a redirect error that would lead to an infinite loop.
The last 30x error message was:
Moved Permanently
2017-06-18 01:03:14,837 ERROR    jiachengyu HTTP Error 301: The HTTP server returned a redirect error that would lead to an infinite loop.
The last 30x error message was:
Moved Permanently
2017-06-18 01:03:35,530 ERROR    jiachengyu HTTP Error 301: The HTTP server returned a redirect error that would lead to an infinite loop.
The last 30x error message was:
Moved Permanently
2017-06-18 01:03:35,530 ERROR    jiachengyu HTTP Error 301: The HTTP server returned a redirect error that would lead to an infinite loop.
The last 30x error message was:
Moved Permanently
2017-06-18 01:03:35,530 ERROR    jiachengyu HTTP Error 301: The HTTP server returned a redirect error that would lead to an infinite loop.
The last 30x error message was:
Moved Permanently
2017-06-18 01:09:04,165 ERROR    jiachengyu [Errno 2] No such file or directory: './myDocs/20170618'
2017-06-18 01:09:04,165 ERROR    jiachengyu [Errno 2] No such file or directory: './myDocs/20170618'
2017-06-18 01:09:04,165 ERROR    jiachengyu [Errno 2] No such file or directory: './myDocs/20170618'
2017-06-18 01:09:25,533 ERROR    jiachengyu HTTP Error 301: The HTTP server returned a redirect error that would lead to an infinite loop.
The last 30x error message was:
Moved Permanently
2017-06-18 01:09:25,533 ERROR    jiachengyu HTTP Error 301: The HTTP server returned a redirect error that would lead to an infinite loop.
The last 30x error message was:
Moved Permanently
2017-06-18 01:09:25,533 ERROR    jiachengyu HTTP Error 301: The HTTP server returned a redirect error that would lead to an infinite loop.
The last 30x error message was:
Moved Permanently
2017-06-18 01:09:25,533 ERROR    jiachengyu HTTP Error 301: The HTTP server returned a redirect error that would lead to an infinite loop.
The last 30x error message was:
Moved Permanently
2017-06-18 01:09:25,533 ERROR    jiachengyu HTTP Error 301: The HTTP server returned a redirect error that would lead to an infinite loop.
The last 30x error message was:
Moved Permanently
2017-06-18 01:09:40,378 ERROR    jiachengyu <urlopen error [Errno 54] Connection reset by peer>
2017-06-18 01:09:40,378 ERROR    jiachengyu <urlopen error [Errno 54] Connection reset by peer>
2017-06-18 01:09:40,378 ERROR    jiachengyu <urlopen error [Errno 54] Connection reset by peer>
2017-06-18 01:09:40,378 ERROR    jiachengyu <urlopen error [Errno 54] Connection reset by peer>
2017-06-18 01:09:40,378 ERROR    jiachengyu <urlopen error [Errno 54] Connection reset by peer>
2017-06-18 01:09:48,776 ERROR    jiachengyu [Errno 2] No such file or directory: './myDocs/20170618'
2017-06-18 01:09:48,776 ERROR    jiachengyu [Errno 2] No such file or directory: './myDocs/20170618'
2017-06-18 01:09:48,776 ERROR    jiachengyu [Errno 2] No such file or directory: './myDocs/20170618'
2017-06-18 01:09:48,776 ERROR    jiachengyu [Errno 2] No such file or directory: './myDocs/20170618'
2017-06-18 01:09:48,776 ERROR    jiachengyu [Errno 2] No such file or directory: './myDocs/20170618'
2017-06-18 01:23:22,554 ERROR    jiachengyu HTTP Error 301: The HTTP server returned a redirect error that would lead to an infinite loop.
The last 30x error message was:
Moved Permanently
2017-06-18 01:23:22,554 ERROR    jiachengyu HTTP Error 301: The HTTP server returned a redirect error that would lead to an infinite loop.
The last 30x error message was:
Moved Permanently
2017-06-18 01:23:22,554 ERROR    jiachengyu HTTP Error 301: The HTTP server returned a redirect error that would lead to an infinite loop.
The last 30x error message was:
Moved Permanently
2017-06-18 01:44:23,479 ERROR    jiachengyu query failed by:	SWIFT BIC
2017-06-18 01:44:23,479 ERROR    jiachengyu query failed by:	SWIFT BIC
2017-06-18 01:44:23,479 ERROR    jiachengyu query failed by:	SWIFT BIC
2017-06-18 01:58:09,873 ERROR    jiachengyu HTTP Error 301: The HTTP server returned a redirect error that would lead to an infinite loop.
The last 30x error message was:
Moved Permanently
2017-06-18 01:58:09,873 ERROR    jiachengyu HTTP Error 301: The HTTP server returned a redirect error that would lead to an infinite loop.
The last 30x error message was:
Moved Permanently
2017-06-18 01:58:09,873 ERROR    jiachengyu HTTP Error 301: The HTTP server returned a redirect error that would lead to an infinite loop.
The last 30x error message was:
Moved Permanently
2017-06-18 02:05:42,333 ERROR    jiachengyu query failed by:	SWIFT BIC
2017-06-18 02:05:42,333 ERROR    jiachengyu query failed by:	SWIFT BIC
2017-06-18 02:05:42,333 ERROR    jiachengyu query failed by:	SWIFT BIC
2017-06-18 03:19:08,094 ERROR    jiachengyu 'module' object has no attribute 'now'
2017-06-18 03:19:08,094 ERROR    jiachengyu 'module' object has no attribute 'now'
2017-06-18 03:19:08,094 ERROR    jiachengyu 'module' object has no attribute 'now'
2017-06-18 03:19:21,632 ERROR    jiachengyu HTTP Error 301: The HTTP server returned a redirect error that would lead to an infinite loop.
The last 30x error message was:
Moved Permanently
2017-06-18 03:19:21,632 ERROR    jiachengyu HTTP Error 301: The HTTP server returned a redirect error that would lead to an infinite loop.
The last 30x error message was:
Moved Permanently
2017-06-18 03:19:21,632 ERROR    jiachengyu HTTP Error 301: The HTTP server returned a redirect error that would lead to an infinite loop.
The last 30x error message was:
Moved Permanently
2017-06-18 03:19:21,632 ERROR    jiachengyu 'module' object has no attribute 'now'
2017-06-18 03:19:21,632 ERROR    jiachengyu 'module' object has no attribute 'now'
2017-06-18 03:19:21,632 ERROR    jiachengyu 'module' object has no attribute 'now'
2017-06-18 03:19:32,706 ERROR    jiachengyu HTTP Error 301: The HTTP server returned a redirect error that would lead to an infinite loop.
The last 30x error message was:
Moved Permanently
2017-06-18 03:19:32,706 ERROR    jiachengyu HTTP Error 301: The HTTP server returned a redirect error that would lead to an infinite loop.
The last 30x error message was:
Moved Permanently
2017-06-18 03:19:32,706 ERROR    jiachengyu HTTP Error 301: The HTTP server returned a redirect error that would lead to an infinite loop.
The last 30x error message was:
Moved Permanently
2017-06-18 03:19:32,706 ERROR    jiachengyu 'module' object has no attribute 'now'
2017-06-18 03:19:32,706 ERROR    jiachengyu 'module' object has no attribute 'now'
2017-06-18 03:19:32,706 ERROR    jiachengyu 'module' object has no attribute 'now'
2017-06-18 03:19:43,642 ERROR    jiachengyu HTTP Error 301: The HTTP server returned a redirect error that would lead to an infinite loop.
The last 30x error message was:
Moved Permanently
2017-06-18 03:19:43,642 ERROR    jiachengyu HTTP Error 301: The HTTP server returned a redirect error that would lead to an infinite loop.
The last 30x error message was:
Moved Permanently
2017-06-18 03:19:43,642 ERROR    jiachengyu HTTP Error 301: The HTTP server returned a redirect error that would lead to an infinite loop.
The last 30x error message was:
Moved Permanently
2017-06-18 03:19:43,643 ERROR    jiachengyu 'module' object has no attribute 'now'
2017-06-18 03:19:43,643 ERROR    jiachengyu 'module' object has no attribute 'now'
2017-06-18 03:19:43,643 ERROR    jiachengyu 'module' object has no attribute 'now'
2017-06-18 03:19:56,358 ERROR    jiachengyu HTTP Error 301: The HTTP server returned a redirect error that would lead to an infinite loop.
The last 30x error message was:
Moved Permanently
2017-06-18 03:19:56,358 ERROR    jiachengyu HTTP Error 301: The HTTP server returned a redirect error that would lead to an infinite loop.
The last 30x error message was:
Moved Permanently
2017-06-18 03:19:56,358 ERROR    jiachengyu HTTP Error 301: The HTTP server returned a redirect error that would lead to an infinite loop.
The last 30x error message was:
Moved Permanently
2017-06-18 03:19:56,359 ERROR    jiachengyu 'module' object has no attribute 'now'
2017-06-18 03:19:56,359 ERROR    jiachengyu 'module' object has no attribute 'now'
2017-06-18 03:19:56,359 ERROR    jiachengyu 'module' object has no attribute 'now'
2017-06-18 03:20:10,068 ERROR    jiachengyu HTTP Error 301: The HTTP server returned a redirect error that would lead to an infinite loop.
The last 30x error message was:
Moved Permanently
2017-06-18 03:20:10,068 ERROR    jiachengyu HTTP Error 301: The HTTP server returned a redirect error that would lead to an infinite loop.
The last 30x error message was:
Moved Permanently
2017-06-18 03:20:10,068 ERROR    jiachengyu HTTP Error 301: The HTTP server returned a redirect error that would lead to an infinite loop.
The last 30x error message was:
Moved Permanently
2017-06-18 03:20:10,070 ERROR    jiachengyu 'module' object has no attribute 'now'
2017-06-18 03:20:10,070 ERROR    jiachengyu 'module' object has no attribute 'now'
2017-06-18 03:20:10,070 ERROR    jiachengyu 'module' object has no attribute 'now'
2017-06-18 03:20:47,218 ERROR    jiachengyu query failed by:	SWIFT BIC
2017-06-18 03:20:47,218 ERROR    jiachengyu query failed by:	SWIFT BIC
2017-06-18 03:20:47,218 ERROR    jiachengyu query failed by:	SWIFT BIC
2017-06-18 03:21:07,908 ERROR    jiachengyu query failed by:	SWIFT BIC
2017-06-18 03:21:07,908 ERROR    jiachengyu query failed by:	SWIFT BIC
2017-06-18 03:21:07,908 ERROR    jiachengyu query failed by:	SWIFT BIC
2017-06-18 03:21:29,202 ERROR    jiachengyu query failed by:	SWIFT BIC
2017-06-18 03:21:29,202 ERROR    jiachengyu query failed by:	SWIFT BIC
2017-06-18 03:21:29,202 ERROR    jiachengyu query failed by:	SWIFT BIC
2017-06-18 03:21:48,573 ERROR    jiachengyu query failed by:	SWIFT BIC
2017-06-18 03:21:48,573 ERROR    jiachengyu query failed by:	SWIFT BIC
2017-06-18 03:21:48,573 ERROR    jiachengyu query failed by:	SWIFT BIC
2017-06-18 03:22:09,968 ERROR    jiachengyu query failed by:	SWIFT BIC
2017-06-18 03:22:09,968 ERROR    jiachengyu query failed by:	SWIFT BIC
2017-06-18 03:22:09,968 ERROR    jiachengyu query failed by:	SWIFT BIC
2017-06-18 03:54:10,291 ERROR    jiachengyu maximum recursion depth exceeded
2017-06-18 03:54:10,291 ERROR    jiachengyu maximum recursion depth exceeded
2017-06-18 03:54:10,291 ERROR    jiachengyu maximum recursion depth exceeded
2017-06-18 03:54:10,292 ERROR    jiachengyu maximum recursion depth exceeded
2017-06-18 03:54:10,292 ERROR    jiachengyu maximum recursion depth exceeded
2017-06-18 03:54:10,292 ERROR    jiachengyu maximum recursion depth exceeded
2017-06-18 03:54:10,292 ERROR    jiachengyu maximum recursion depth exceeded in cmp
2017-06-18 03:54:10,292 ERROR    jiachengyu maximum recursion depth exceeded in cmp
2017-06-18 03:54:10,292 ERROR    jiachengyu maximum recursion depth exceeded in cmp
2017-06-18 04:10:51,537 ERROR    jiachengyu maximum recursion depth exceeded
2017-06-18 04:10:51,537 ERROR    jiachengyu maximum recursion depth exceeded
2017-06-18 04:10:51,537 ERROR    jiachengyu maximum recursion depth exceeded
2017-06-18 04:10:51,538 ERROR    jiachengyu maximum recursion depth exceeded
2017-06-18 04:10:51,538 ERROR    jiachengyu maximum recursion depth exceeded
2017-06-18 04:10:51,538 ERROR    jiachengyu maximum recursion depth exceeded
2017-06-18 04:10:51,538 ERROR    jiachengyu maximum recursion depth exceeded in cmp
2017-06-18 04:10:51,538 ERROR    jiachengyu maximum recursion depth exceeded in cmp
2017-06-18 04:10:51,538 ERROR    jiachengyu maximum recursion depth exceeded in cmp
2017-06-18 04:27:32,953 ERROR    jiachengyu maximum recursion depth exceeded
2017-06-18 04:27:32,953 ERROR    jiachengyu maximum recursion depth exceeded
2017-06-18 04:27:32,953 ERROR    jiachengyu maximum recursion depth exceeded
2017-06-18 04:27:32,954 ERROR    jiachengyu maximum recursion depth exceeded
2017-06-18 04:27:32,954 ERROR    jiachengyu maximum recursion depth exceeded
2017-06-18 04:27:32,954 ERROR    jiachengyu maximum recursion depth exceeded
2017-06-18 04:27:32,954 ERROR    jiachengyu maximum recursion depth exceeded in cmp
2017-06-18 04:27:32,954 ERROR    jiachengyu maximum recursion depth exceeded in cmp
2017-06-18 04:27:32,954 ERROR    jiachengyu maximum recursion depth exceeded in cmp
2017-06-18 04:44:14,090 ERROR    jiachengyu maximum recursion depth exceeded
2017-06-18 04:44:14,090 ERROR    jiachengyu maximum recursion depth exceeded
2017-06-18 04:44:14,090 ERROR    jiachengyu maximum recursion depth exceeded
2017-06-18 04:44:14,090 ERROR    jiachengyu maximum recursion depth exceeded
2017-06-18 04:44:14,090 ERROR    jiachengyu maximum recursion depth exceeded
2017-06-18 04:44:14,090 ERROR    jiachengyu maximum recursion depth exceeded
2017-06-18 04:44:14,091 ERROR    jiachengyu maximum recursion depth exceeded in cmp
2017-06-18 04:44:14,091 ERROR    jiachengyu maximum recursion depth exceeded in cmp
2017-06-18 04:44:14,091 ERROR    jiachengyu maximum recursion depth exceeded in cmp
2017-06-18 05:00:55,541 ERROR    jiachengyu maximum recursion depth exceeded
2017-06-18 05:00:55,541 ERROR    jiachengyu maximum recursion depth exceeded
2017-06-18 05:00:55,541 ERROR    jiachengyu maximum recursion depth exceeded
2017-06-18 05:00:55,542 ERROR    jiachengyu maximum recursion depth exceeded
2017-06-18 05:00:55,542 ERROR    jiachengyu maximum recursion depth exceeded
2017-06-18 05:00:55,542 ERROR    jiachengyu maximum recursion depth exceeded
2017-06-18 05:00:55,542 ERROR    jiachengyu maximum recursion depth exceeded in cmp
2017-06-18 05:00:55,542 ERROR    jiachengyu maximum recursion depth exceeded in cmp
2017-06-18 05:00:55,542 ERROR    jiachengyu maximum recursion depth exceeded in cmp
2017-06-18 05:17:36,815 ERROR    jiachengyu maximum recursion depth exceeded
2017-06-18 05:17:36,815 ERROR    jiachengyu maximum recursion depth exceeded
2017-06-18 05:17:36,815 ERROR    jiachengyu maximum recursion depth exceeded
2017-06-18 05:17:36,816 ERROR    jiachengyu maximum recursion depth exceeded
2017-06-18 05:17:36,816 ERROR    jiachengyu maximum recursion depth exceeded
2017-06-18 05:17:36,816 ERROR    jiachengyu maximum recursion depth exceeded
2017-06-18 05:17:36,816 ERROR    jiachengyu maximum recursion depth exceeded in cmp
2017-06-18 05:17:36,816 ERROR    jiachengyu maximum recursion depth exceeded in cmp
2017-06-18 05:17:36,816 ERROR    jiachengyu maximum recursion depth exceeded in cmp
2017-06-18 05:34:18,338 ERROR    jiachengyu maximum recursion depth exceeded
2017-06-18 05:34:18,338 ERROR    jiachengyu maximum recursion depth exceeded
2017-06-18 05:34:18,338 ERROR    jiachengyu maximum recursion depth exceeded
2017-06-18 05:34:18,339 ERROR    jiachengyu maximum recursion depth exceeded
2017-06-18 05:34:18,339 ERROR    jiachengyu maximum recursion depth exceeded
2017-06-18 05:34:18,339 ERROR    jiachengyu maximum recursion depth exceeded
2017-06-18 05:34:18,340 ERROR    jiachengyu maximum recursion depth exceeded in cmp
2017-06-18 05:34:18,340 ERROR    jiachengyu maximum recursion depth exceeded in cmp
2017-06-18 05:34:18,340 ERROR    jiachengyu maximum recursion depth exceeded in cmp
2017-06-18 05:50:59,833 ERROR    jiachengyu maximum recursion depth exceeded
2017-06-18 05:50:59,833 ERROR    jiachengyu maximum recursion depth exceeded
2017-06-18 05:50:59,833 ERROR    jiachengyu maximum recursion depth exceeded
2017-06-18 05:50:59,834 ERROR    jiachengyu maximum recursion depth exceeded
2017-06-18 05:50:59,834 ERROR    jiachengyu maximum recursion depth exceeded
2017-06-18 05:50:59,834 ERROR    jiachengyu maximum recursion depth exceeded
2017-06-18 05:50:59,834 ERROR    jiachengyu maximum recursion depth exceeded in cmp
2017-06-18 05:50:59,834 ERROR    jiachengyu maximum recursion depth exceeded in cmp
2017-06-18 05:50:59,834 ERROR    jiachengyu maximum recursion depth exceeded in cmp
2017-06-18 06:07:41,128 ERROR    jiachengyu maximum recursion depth exceeded
2017-06-18 06:07:41,128 ERROR    jiachengyu maximum recursion depth exceeded
2017-06-18 06:07:41,128 ERROR    jiachengyu maximum recursion depth exceeded
2017-06-18 06:07:41,129 ERROR    jiachengyu maximum recursion depth exceeded
2017-06-18 06:07:41,129 ERROR    jiachengyu maximum recursion depth exceeded
2017-06-18 06:07:41,129 ERROR    jiachengyu maximum recursion depth exceeded
2017-06-18 06:07:41,129 ERROR    jiachengyu maximum recursion depth exceeded in cmp
2017-06-18 06:07:41,129 ERROR    jiachengyu maximum recursion depth exceeded in cmp
2017-06-18 06:07:41,129 ERROR    jiachengyu maximum recursion depth exceeded in cmp
2017-06-18 06:24:22,428 ERROR    jiachengyu maximum recursion depth exceeded
2017-06-18 06:24:22,428 ERROR    jiachengyu maximum recursion depth exceeded
2017-06-18 06:24:22,428 ERROR    jiachengyu maximum recursion depth exceeded
2017-06-18 06:24:22,428 ERROR    jiachengyu maximum recursion depth exceeded
2017-06-18 06:24:22,428 ERROR    jiachengyu maximum recursion depth exceeded
2017-06-18 06:24:22,428 ERROR    jiachengyu maximum recursion depth exceeded
2017-06-18 06:24:22,429 ERROR    jiachengyu maximum recursion depth exceeded in cmp
2017-06-18 06:24:22,429 ERROR    jiachengyu maximum recursion depth exceeded in cmp
2017-06-18 06:24:22,429 ERROR    jiachengyu maximum recursion depth exceeded in cmp
2017-06-18 06:41:03,872 ERROR    jiachengyu maximum recursion depth exceeded
2017-06-18 06:41:03,872 ERROR    jiachengyu maximum recursion depth exceeded
2017-06-18 06:41:03,872 ERROR    jiachengyu maximum recursion depth exceeded
2017-06-18 06:41:03,873 ERROR    jiachengyu maximum recursion depth exceeded
2017-06-18 06:41:03,873 ERROR    jiachengyu maximum recursion depth exceeded
2017-06-18 06:41:03,873 ERROR    jiachengyu maximum recursion depth exceeded
2017-06-18 06:41:03,873 ERROR    jiachengyu maximum recursion depth exceeded in cmp
2017-06-18 06:41:03,873 ERROR    jiachengyu maximum recursion depth exceeded in cmp
2017-06-18 06:41:03,873 ERROR    jiachengyu maximum recursion depth exceeded in cmp
2017-06-18 06:57:45,201 ERROR    jiachengyu maximum recursion depth exceeded
2017-06-18 06:57:45,201 ERROR    jiachengyu maximum recursion depth exceeded
2017-06-18 06:57:45,201 ERROR    jiachengyu maximum recursion depth exceeded
2017-06-18 06:57:45,202 ERROR    jiachengyu maximum recursion depth exceeded
2017-06-18 06:57:45,202 ERROR    jiachengyu maximum recursion depth exceeded
2017-06-18 06:57:45,202 ERROR    jiachengyu maximum recursion depth exceeded
2017-06-18 06:57:45,203 ERROR    jiachengyu maximum recursion depth exceeded in cmp
2017-06-18 06:57:45,203 ERROR    jiachengyu maximum recursion depth exceeded in cmp
2017-06-18 06:57:45,203 ERROR    jiachengyu maximum recursion depth exceeded in cmp
2017-06-18 07:14:26,547 ERROR    jiachengyu maximum recursion depth exceeded
2017-06-18 07:14:26,547 ERROR    jiachengyu maximum recursion depth exceeded
2017-06-18 07:14:26,547 ERROR    jiachengyu maximum recursion depth exceeded
2017-06-18 07:14:26,550 ERROR    jiachengyu maximum recursion depth exceeded
2017-06-18 07:14:26,550 ERROR    jiachengyu maximum recursion depth exceeded
2017-06-18 07:14:26,550 ERROR    jiachengyu maximum recursion depth exceeded
2017-06-18 07:14:26,550 ERROR    jiachengyu maximum recursion depth exceeded in cmp
2017-06-18 07:14:26,550 ERROR    jiachengyu maximum recursion depth exceeded in cmp
2017-06-18 07:14:26,550 ERROR    jiachengyu maximum recursion depth exceeded in cmp
2017-06-18 07:31:07,859 ERROR    jiachengyu maximum recursion depth exceeded
2017-06-18 07:31:07,859 ERROR    jiachengyu maximum recursion depth exceeded
2017-06-18 07:31:07,859 ERROR    jiachengyu maximum recursion depth exceeded
2017-06-18 07:31:07,860 ERROR    jiachengyu maximum recursion depth exceeded
2017-06-18 07:31:07,860 ERROR    jiachengyu maximum recursion depth exceeded
2017-06-18 07:31:07,860 ERROR    jiachengyu maximum recursion depth exceeded
2017-06-18 07:31:07,861 ERROR    jiachengyu maximum recursion depth exceeded in cmp
2017-06-18 07:31:07,861 ERROR    jiachengyu maximum recursion depth exceeded in cmp
2017-06-18 07:31:07,861 ERROR    jiachengyu maximum recursion depth exceeded in cmp
2017-06-18 07:47:49,284 ERROR    jiachengyu maximum recursion depth exceeded
2017-06-18 07:47:49,284 ERROR    jiachengyu maximum recursion depth exceeded
2017-06-18 07:47:49,284 ERROR    jiachengyu maximum recursion depth exceeded
2017-06-18 07:47:49,285 ERROR    jiachengyu maximum recursion depth exceeded
2017-06-18 07:47:49,285 ERROR    jiachengyu maximum recursion depth exceeded
2017-06-18 07:47:49,285 ERROR    jiachengyu maximum recursion depth exceeded
2017-06-18 07:47:49,287 ERROR    jiachengyu maximum recursion depth exceeded in cmp
2017-06-18 07:47:49,287 ERROR    jiachengyu maximum recursion depth exceeded in cmp
2017-06-18 07:47:49,287 ERROR    jiachengyu maximum recursion depth exceeded in cmp
2017-06-18 08:26:25,385 ERROR    jiachengyu <urlopen error [Errno 54] Connection reset by peer>
2017-06-18 08:26:25,385 ERROR    jiachengyu <urlopen error [Errno 54] Connection reset by peer>
2017-06-18 08:26:25,385 ERROR    jiachengyu <urlopen error [Errno 54] Connection reset by peer>
2017-06-18 08:26:25,385 ERROR    jiachengyu 'NoneType' object has no attribute 'read'
2017-06-18 08:26:25,385 ERROR    jiachengyu 'NoneType' object has no attribute 'read'
2017-06-18 08:26:25,385 ERROR    jiachengyu 'NoneType' object has no attribute 'read'
2017-06-18 08:27:07,716 ERROR    jiachengyu <urlopen error [Errno 54] Connection reset by peer>
2017-06-18 08:27:07,716 ERROR    jiachengyu <urlopen error [Errno 54] Connection reset by peer>
2017-06-18 08:27:07,716 ERROR    jiachengyu <urlopen error [Errno 54] Connection reset by peer>
2017-06-18 08:27:07,716 ERROR    jiachengyu 'NoneType' object has no attribute 'read'
2017-06-18 08:27:07,716 ERROR    jiachengyu 'NoneType' object has no attribute 'read'
2017-06-18 08:27:07,716 ERROR    jiachengyu 'NoneType' object has no attribute 'read'
2017-06-18 08:27:46,627 ERROR    jiachengyu <urlopen error [Errno 54] Connection reset by peer>
2017-06-18 08:27:46,627 ERROR    jiachengyu <urlopen error [Errno 54] Connection reset by peer>
2017-06-18 08:27:46,627 ERROR    jiachengyu <urlopen error [Errno 54] Connection reset by peer>
2017-06-18 08:27:46,628 ERROR    jiachengyu 'NoneType' object has no attribute 'read'
2017-06-18 08:27:46,628 ERROR    jiachengyu 'NoneType' object has no attribute 'read'
2017-06-18 08:27:46,628 ERROR    jiachengyu 'NoneType' object has no attribute 'read'
2017-06-18 08:38:00,418 ERROR    jiachengyu <urlopen error [Errno 54] Connection reset by peer>
2017-06-18 08:38:00,418 ERROR    jiachengyu <urlopen error [Errno 54] Connection reset by peer>
2017-06-18 08:38:00,418 ERROR    jiachengyu <urlopen error [Errno 54] Connection reset by peer>
2017-06-18 08:38:00,419 ERROR    jiachengyu 'NoneType' object has no attribute 'read'
2017-06-18 08:38:00,419 ERROR    jiachengyu 'NoneType' object has no attribute 'read'
2017-06-18 08:38:00,419 ERROR    jiachengyu 'NoneType' object has no attribute 'read'
2017-06-18 08:38:20,590 ERROR    jiachengyu <urlopen error [Errno 54] Connection reset by peer>
2017-06-18 08:38:20,590 ERROR    jiachengyu <urlopen error [Errno 54] Connection reset by peer>
2017-06-18 08:38:20,590 ERROR    jiachengyu <urlopen error [Errno 54] Connection reset by peer>
2017-06-18 08:38:20,591 ERROR    jiachengyu 'NoneType' object has no attribute 'read'
2017-06-18 08:38:20,591 ERROR    jiachengyu 'NoneType' object has no attribute 'read'
2017-06-18 08:38:20,591 ERROR    jiachengyu 'NoneType' object has no attribute 'read'
2017-06-18 08:39:05,036 ERROR    jiachengyu <urlopen error [Errno 54] Connection reset by peer>
2017-06-18 08:39:05,036 ERROR    jiachengyu <urlopen error [Errno 54] Connection reset by peer>
2017-06-18 08:39:05,036 ERROR    jiachengyu <urlopen error [Errno 54] Connection reset by peer>
2017-06-18 08:39:05,037 ERROR    jiachengyu 'NoneType' object has no attribute 'read'
2017-06-18 08:39:05,037 ERROR    jiachengyu 'NoneType' object has no attribute 'read'
2017-06-18 08:39:05,037 ERROR    jiachengyu 'NoneType' object has no attribute 'read'
2017-06-18 08:39:59,615 ERROR    jiachengyu <urlopen error [Errno 54] Connection reset by peer>
2017-06-18 08:39:59,615 ERROR    jiachengyu <urlopen error [Errno 54] Connection reset by peer>
2017-06-18 08:39:59,615 ERROR    jiachengyu <urlopen error [Errno 54] Connection reset by peer>
2017-06-18 08:39:59,616 ERROR    jiachengyu 'NoneType' object has no attribute 'read'
2017-06-18 08:39:59,616 ERROR    jiachengyu 'NoneType' object has no attribute 'read'
2017-06-18 08:39:59,616 ERROR    jiachengyu 'NoneType' object has no attribute 'read'
2017-06-18 10:36:22,438 ERROR    jiachengyu query failed by:	SWIFT BIC
2017-06-18 10:36:22,438 ERROR    jiachengyu query failed by:	SWIFT BIC
2017-06-18 10:36:22,438 ERROR    jiachengyu query failed by:	SWIFT BIC
2017-06-18 11:01:02,440 ERROR    jiachengyu <urlopen error [Errno 54] Connection reset by peer>
2017-06-18 11:01:02,440 ERROR    jiachengyu <urlopen error [Errno 54] Connection reset by peer>
2017-06-18 11:01:02,440 ERROR    jiachengyu <urlopen error [Errno 54] Connection reset by peer>
2017-06-18 11:01:02,441 ERROR    jiachengyu 'NoneType' object has no attribute 'read'
2017-06-18 11:01:02,441 ERROR    jiachengyu 'NoneType' object has no attribute 'read'
2017-06-18 11:01:02,441 ERROR    jiachengyu 'NoneType' object has no attribute 'read'
2017-06-18 11:21:32,402 ERROR    jiachengyu query failed by:	SWIFT BIC
2017-06-18 11:21:32,402 ERROR    jiachengyu query failed by:	SWIFT BIC
2017-06-18 11:21:32,402 ERROR    jiachengyu query failed by:	SWIFT BIC
2017-06-18 11:22:31,875 ERROR    jiachengyu <urlopen error [Errno 54] Connection reset by peer>
2017-06-18 11:22:31,875 ERROR    jiachengyu <urlopen error [Errno 54] Connection reset by peer>
2017-06-18 11:22:31,875 ERROR    jiachengyu <urlopen error [Errno 54] Connection reset by peer>
2017-06-18 11:22:31,876 ERROR    jiachengyu 'NoneType' object has no attribute 'read'
2017-06-18 11:22:31,876 ERROR    jiachengyu 'NoneType' object has no attribute 'read'
2017-06-18 11:22:31,876 ERROR    jiachengyu 'NoneType' object has no attribute 'read'
2017-06-18 11:24:39,144 ERROR    jiachengyu <urlopen error [Errno 54] Connection reset by peer>
2017-06-18 11:24:39,144 ERROR    jiachengyu <urlopen error [Errno 54] Connection reset by peer>
2017-06-18 11:24:39,144 ERROR    jiachengyu <urlopen error [Errno 54] Connection reset by peer>
2017-06-18 11:24:39,145 ERROR    jiachengyu 'NoneType' object has no attribute 'read'
2017-06-18 11:24:39,145 ERROR    jiachengyu 'NoneType' object has no attribute 'read'
2017-06-18 11:24:39,145 ERROR    jiachengyu 'NoneType' object has no attribute 'read'
2017-06-18 11:29:19,429 ERROR    jiachengyu <urlopen error [Errno 54] Connection reset by peer>
2017-06-18 11:29:19,429 ERROR    jiachengyu <urlopen error [Errno 54] Connection reset by peer>
2017-06-18 11:29:19,429 ERROR    jiachengyu <urlopen error [Errno 54] Connection reset by peer>
2017-06-18 11:29:19,429 ERROR    jiachengyu 'NoneType' object has no attribute 'read'
2017-06-18 11:29:19,429 ERROR    jiachengyu 'NoneType' object has no attribute 'read'
2017-06-18 11:29:19,429 ERROR    jiachengyu 'NoneType' object has no attribute 'read'
2017-06-18 11:59:28,229 ERROR    jiachengyu query failed by:	SWIFT BIC
2017-06-18 11:59:28,229 ERROR    jiachengyu query failed by:	SWIFT BIC
2017-06-18 11:59:28,229 ERROR    jiachengyu query failed by:	SWIFT BIC
2017-06-18 12:00:14,420 ERROR    jiachengyu <urlopen error [Errno 54] Connection reset by peer>
2017-06-18 12:00:14,420 ERROR    jiachengyu <urlopen error [Errno 54] Connection reset by peer>
2017-06-18 12:00:14,420 ERROR    jiachengyu <urlopen error [Errno 54] Connection reset by peer>
2017-06-18 12:00:14,421 ERROR    jiachengyu 'NoneType' object has no attribute 'read'
2017-06-18 12:00:14,421 ERROR    jiachengyu 'NoneType' object has no attribute 'read'
2017-06-18 12:00:14,421 ERROR    jiachengyu 'NoneType' object has no attribute 'read'
2017-06-18 12:01:09,309 ERROR    jiachengyu <urlopen error [Errno 54] Connection reset by peer>
2017-06-18 12:01:09,309 ERROR    jiachengyu <urlopen error [Errno 54] Connection reset by peer>
2017-06-18 12:01:09,309 ERROR    jiachengyu <urlopen error [Errno 54] Connection reset by peer>
2017-06-18 12:01:09,310 ERROR    jiachengyu 'NoneType' object has no attribute 'read'
2017-06-18 12:01:09,310 ERROR    jiachengyu 'NoneType' object has no attribute 'read'
2017-06-18 12:01:09,310 ERROR    jiachengyu 'NoneType' object has no attribute 'read'
2017-06-18 12:02:16,701 ERROR    jiachengyu <urlopen error [Errno 54] Connection reset by peer>
2017-06-18 12:02:16,701 ERROR    jiachengyu <urlopen error [Errno 54] Connection reset by peer>
2017-06-18 12:02:16,701 ERROR    jiachengyu <urlopen error [Errno 54] Connection reset by peer>
2017-06-18 12:02:16,702 ERROR    jiachengyu 'NoneType' object has no attribute 'read'
2017-06-18 12:02:16,702 ERROR    jiachengyu 'NoneType' object has no attribute 'read'
2017-06-18 12:02:16,702 ERROR    jiachengyu 'NoneType' object has no attribute 'read'
2017-06-18 12:40:43,405 ERROR    jiachengyu query failed by:	SWIFT BIC
2017-06-18 12:40:43,405 ERROR    jiachengyu query failed by:	SWIFT BIC
2017-06-18 12:40:43,405 ERROR    jiachengyu query failed by:	SWIFT BIC
2017-06-18 12:41:43,575 ERROR    jiachengyu <urlopen error [Errno 54] Connection reset by peer>
2017-06-18 12:41:43,575 ERROR    jiachengyu <urlopen error [Errno 54] Connection reset by peer>
2017-06-18 12:41:43,575 ERROR    jiachengyu <urlopen error [Errno 54] Connection reset by peer>
2017-06-18 12:41:43,576 ERROR    jiachengyu 'NoneType' object has no attribute 'read'
2017-06-18 12:41:43,576 ERROR    jiachengyu 'NoneType' object has no attribute 'read'
2017-06-18 12:41:43,576 ERROR    jiachengyu 'NoneType' object has no attribute 'read'
2017-06-18 12:49:24,998 ERROR    jiachengyu <urlopen error [Errno 54] Connection reset by peer>
2017-06-18 12:49:24,998 ERROR    jiachengyu <urlopen error [Errno 54] Connection reset by peer>
2017-06-18 12:49:24,998 ERROR    jiachengyu <urlopen error [Errno 54] Connection reset by peer>
2017-06-18 12:49:24,999 ERROR    jiachengyu 'NoneType' object has no attribute 'read'
2017-06-18 12:49:24,999 ERROR    jiachengyu 'NoneType' object has no attribute 'read'
2017-06-18 12:49:24,999 ERROR    jiachengyu 'NoneType' object has no attribute 'read'
2017-06-18 12:50:32,371 ERROR    jiachengyu <urlopen error [Errno 54] Connection reset by peer>
2017-06-18 12:50:32,371 ERROR    jiachengyu <urlopen error [Errno 54] Connection reset by peer>
2017-06-18 12:50:32,371 ERROR    jiachengyu <urlopen error [Errno 54] Connection reset by peer>
2017-06-18 12:50:32,371 ERROR    jiachengyu 'NoneType' object has no attribute 'read'
2017-06-18 12:50:32,371 ERROR    jiachengyu 'NoneType' object has no attribute 'read'
2017-06-18 12:50:32,371 ERROR    jiachengyu 'NoneType' object has no attribute 'read'
2017-06-18 12:56:36,507 ERROR    jiachengyu <urlopen error [Errno 54] Connection reset by peer>
2017-06-18 12:56:36,507 ERROR    jiachengyu <urlopen error [Errno 54] Connection reset by peer>
2017-06-18 12:56:36,507 ERROR    jiachengyu <urlopen error [Errno 54] Connection reset by peer>
2017-06-18 12:56:36,508 ERROR    jiachengyu 'NoneType' object has no attribute 'read'
2017-06-18 12:56:36,508 ERROR    jiachengyu 'NoneType' object has no attribute 'read'
2017-06-18 12:56:36,508 ERROR    jiachengyu 'NoneType' object has no attribute 'read'
2017-06-18 13:00:58,652 ERROR    jiachengyu <urlopen error [Errno 54] Connection reset by peer>
2017-06-18 13:00:58,652 ERROR    jiachengyu <urlopen error [Errno 54] Connection reset by peer>
2017-06-18 13:00:58,652 ERROR    jiachengyu <urlopen error [Errno 54] Connection reset by peer>
2017-06-18 13:00:58,654 ERROR    jiachengyu 'NoneType' object has no attribute 'read'
2017-06-18 13:00:58,654 ERROR    jiachengyu 'NoneType' object has no attribute 'read'
2017-06-18 13:00:58,654 ERROR    jiachengyu 'NoneType' object has no attribute 'read'
2017-06-18 13:06:49,784 ERROR    jiachengyu <urlopen error [Errno 54] Connection reset by peer>
2017-06-18 13:06:49,784 ERROR    jiachengyu <urlopen error [Errno 54] Connection reset by peer>
2017-06-18 13:06:49,784 ERROR    jiachengyu <urlopen error [Errno 54] Connection reset by peer>
2017-06-18 13:06:49,785 ERROR    jiachengyu 'NoneType' object has no attribute 'read'
2017-06-18 13:06:49,785 ERROR    jiachengyu 'NoneType' object has no attribute 'read'
2017-06-18 13:06:49,785 ERROR    jiachengyu 'NoneType' object has no attribute 'read'
2017-06-18 13:17:35,345 ERROR    jiachengyu query failed by:	SWIFT BIC
2017-06-18 13:17:35,345 ERROR    jiachengyu query failed by:	SWIFT BIC
2017-06-18 13:17:35,345 ERROR    jiachengyu query failed by:	SWIFT BIC
2017-06-18 13:18:59,478 ERROR    jiachengyu query failed by:	SWIFT BIC
2017-06-18 13:18:59,478 ERROR    jiachengyu query failed by:	SWIFT BIC
2017-06-18 13:18:59,478 ERROR    jiachengyu query failed by:	SWIFT BIC
2017-06-18 13:20:50,417 ERROR    jiachengyu query failed by:	SWIFT BIC
2017-06-18 13:20:50,417 ERROR    jiachengyu query failed by:	SWIFT BIC
2017-06-18 13:20:50,417 ERROR    jiachengyu query failed by:	SWIFT BIC
2017-06-18 13:22:18,954 ERROR    jiachengyu query failed by:	SWIFT BIC
2017-06-18 13:22:18,954 ERROR    jiachengyu query failed by:	SWIFT BIC
2017-06-18 13:22:18,954 ERROR    jiachengyu query failed by:	SWIFT BIC
2017-06-18 13:26:21,912 ERROR    jiachengyu query failed by:	SWIFT BIC
2017-06-18 13:26:21,912 ERROR    jiachengyu query failed by:	SWIFT BIC
2017-06-18 13:26:21,912 ERROR    jiachengyu query failed by:	SWIFT BIC
2017-06-18 13:28:03,370 ERROR    jiachengyu query failed by:	SWIFT BIC
2017-06-18 13:28:03,370 ERROR    jiachengyu query failed by:	SWIFT BIC
2017-06-18 13:28:03,370 ERROR    jiachengyu query failed by:	SWIFT BIC
2017-06-18 13:46:51,921 ERROR    jiachengyu query failed by:	SWIFT BIC
2017-06-18 13:46:51,921 ERROR    jiachengyu query failed by:	SWIFT BIC
2017-06-18 13:46:51,921 ERROR    jiachengyu query failed by:	SWIFT BIC
2017-06-18 13:48:09,744 ERROR    jiachengyu query failed by:	SWIFT BIC
2017-06-18 13:48:09,744 ERROR    jiachengyu query failed by:	SWIFT BIC
2017-06-18 13:48:09,744 ERROR    jiachengyu query failed by:	SWIFT BIC
2017-06-18 13:49:58,925 ERROR    jiachengyu query failed by:	SWIFT BIC
2017-06-18 13:49:58,925 ERROR    jiachengyu query failed by:	SWIFT BIC
2017-06-18 13:49:58,925 ERROR    jiachengyu query failed by:	SWIFT BIC
2017-06-18 13:51:26,371 ERROR    jiachengyu query failed by:	SWIFT BIC
2017-06-18 13:51:26,371 ERROR    jiachengyu query failed by:	SWIFT BIC
2017-06-18 13:51:26,371 ERROR    jiachengyu query failed by:	SWIFT BIC
2017-06-18 13:53:10,465 ERROR    jiachengyu <urlopen error [Errno 54] Connection reset by peer>
2017-06-18 13:53:10,465 ERROR    jiachengyu <urlopen error [Errno 54] Connection reset by peer>
2017-06-18 13:53:10,465 ERROR    jiachengyu <urlopen error [Errno 54] Connection reset by peer>
2017-06-18 13:53:10,466 ERROR    jiachengyu 'NoneType' object has no attribute 'read'
2017-06-18 13:53:10,466 ERROR    jiachengyu 'NoneType' object has no attribute 'read'
2017-06-18 13:53:10,466 ERROR    jiachengyu 'NoneType' object has no attribute 'read'
2017-06-18 13:54:35,402 ERROR    jiachengyu query failed by:	SWIFT BIC
2017-06-18 13:54:35,402 ERROR    jiachengyu query failed by:	SWIFT BIC
2017-06-18 13:54:35,402 ERROR    jiachengyu query failed by:	SWIFT BIC
2017-06-18 14:13:18,366 ERROR    jiachengyu query failed by:	SWIFT BIC
2017-06-18 14:13:18,366 ERROR    jiachengyu query failed by:	SWIFT BIC
2017-06-18 14:13:18,366 ERROR    jiachengyu query failed by:	SWIFT BIC
2017-06-18 14:14:44,373 ERROR    jiachengyu query failed by:	SWIFT BIC
2017-06-18 14:14:44,373 ERROR    jiachengyu query failed by:	SWIFT BIC
2017-06-18 14:14:44,373 ERROR    jiachengyu query failed by:	SWIFT BIC
2017-06-18 22:35:59,175 ERROR    jiachengyu [Errno 2] No such file or directory: './html/ARABAU2S/20170618/'
2017-06-18 22:35:59,175 ERROR    jiachengyu [Errno 2] No such file or directory: './html/ARABAU2S/20170618/'
2017-06-18 22:35:59,175 ERROR    jiachengyu [Errno 2] No such file or directory: './html/ARABAU2S/20170618/'
2017-06-18 22:36:08,141 ERROR    jiachengyu <urlopen error [Errno 8] nodename nor servname provided, or not known>
2017-06-18 22:36:08,141 ERROR    jiachengyu <urlopen error [Errno 8] nodename nor servname provided, or not known>
2017-06-18 22:36:08,141 ERROR    jiachengyu <urlopen error [Errno 8] nodename nor servname provided, or not known>
2017-06-18 22:53:28,410 ERROR    jiachengyu [Errno 2] No such file or directory: './html/ARABAU2S/20170618/'
2017-06-18 22:53:28,410 ERROR    jiachengyu [Errno 2] No such file or directory: './html/ARABAU2S/20170618/'
2017-06-18 22:53:28,410 ERROR    jiachengyu [Errno 2] No such file or directory: './html/ARABAU2S/20170618/'
2017-06-18 22:53:50,510 ERROR    jiachengyu HTTP Error 301: The HTTP server returned a redirect error that would lead to an infinite loop.
The last 30x error message was:
Moved Permanently
2017-06-18 22:53:50,510 ERROR    jiachengyu HTTP Error 301: The HTTP server returned a redirect error that would lead to an infinite loop.
The last 30x error message was:
Moved Permanently
2017-06-18 22:53:50,510 ERROR    jiachengyu HTTP Error 301: The HTTP server returned a redirect error that would lead to an infinite loop.
The last 30x error message was:
Moved Permanently
