2017-06-15 12:27:00,805 ERROR    jiachengyu HTTP Error 301: The HTTP server returned a redirect error that would lead to an infinite loop.
The last 30x error message was:
Moved Permanently
2017-06-15 12:27:00,805 ERROR    jiachengyu HTTP Error 301: The HTTP server returned a redirect error that would lead to an infinite loop.
The last 30x error message was:
Moved Permanently
2017-06-15 12:27:00,805 ERROR    jiachengyu HTTP Error 301: The HTTP server returned a redirect error that would lead to an infinite loop.
The last 30x error message was:
Moved Permanently
2017-06-15 12:27:46,982 ERROR    jiachengyu HTTP Error 301: The HTTP server returned a redirect error that would lead to an infinite loop.
The last 30x error message was:
Moved Permanently
2017-06-15 12:27:46,982 ERROR    jiachengyu HTTP Error 301: The HTTP server returned a redirect error that would lead to an infinite loop.
The last 30x error message was:
Moved Permanently
2017-06-15 12:27:46,982 ERROR    jiachengyu HTTP Error 301: The HTTP server returned a redirect error that would lead to an infinite loop.
The last 30x error message was:
Moved Permanently
2017-06-15 12:29:32,050 ERROR    jiachengyu HTTP Error 301: The HTTP server returned a redirect error that would lead to an infinite loop.
The last 30x error message was:
Moved Permanently
2017-06-15 12:29:32,050 ERROR    jiachengyu HTTP Error 301: The HTTP server returned a redirect error that would lead to an infinite loop.
The last 30x error message was:
Moved Permanently
2017-06-15 12:29:32,050 ERROR    jiachengyu HTTP Error 301: The HTTP server returned a redirect error that would lead to an infinite loop.
The last 30x error message was:
Moved Permanently
2017-06-15 12:30:44,448 ERROR    jiachengyu HTTP Error 301: The HTTP server returned a redirect error that would lead to an infinite loop.
The last 30x error message was:
Moved Permanently
2017-06-15 12:30:44,448 ERROR    jiachengyu HTTP Error 301: The HTTP server returned a redirect error that would lead to an infinite loop.
The last 30x error message was:
Moved Permanently
2017-06-15 12:30:44,448 ERROR    jiachengyu HTTP Error 301: The HTTP server returned a redirect error that would lead to an infinite loop.
The last 30x error message was:
Moved Permanently
2017-06-15 13:15:43,816 ERROR    jiachengyu HTTP Error 301: The HTTP server returned a redirect error that would lead to an infinite loop.
The last 30x error message was:
Moved Permanently
2017-06-15 13:15:43,816 ERROR    jiachengyu HTTP Error 301: The HTTP server returned a redirect error that would lead to an infinite loop.
The last 30x error message was:
Moved Permanently
2017-06-15 13:15:43,816 ERROR    jiachengyu HTTP Error 301: The HTTP server returned a redirect error that would lead to an infinite loop.
The last 30x error message was:
Moved Permanently
2017-06-15 13:16:01,014 ERROR    jiachengyu HTTP Error 301: The HTTP server returned a redirect error that would lead to an infinite loop.
The last 30x error message was:
Moved Permanently
2017-06-15 13:16:01,014 ERROR    jiachengyu HTTP Error 301: The HTTP server returned a redirect error that would lead to an infinite loop.
The last 30x error message was:
Moved Permanently
2017-06-15 13:16:01,014 ERROR    jiachengyu HTTP Error 301: The HTTP server returned a redirect error that would lead to an infinite loop.
The last 30x error message was:
Moved Permanently
2017-06-15 13:17:59,594 ERROR    jiachengyu HTTP Error 301: The HTTP server returned a redirect error that would lead to an infinite loop.
The last 30x error message was:
Moved Permanently
2017-06-15 13:17:59,594 ERROR    jiachengyu HTTP Error 301: The HTTP server returned a redirect error that would lead to an infinite loop.
The last 30x error message was:
Moved Permanently
2017-06-15 13:17:59,594 ERROR    jiachengyu HTTP Error 301: The HTTP server returned a redirect error that would lead to an infinite loop.
The last 30x error message was:
Moved Permanently
2017-06-15 13:19:52,286 ERROR    jiachengyu HTTP Error 301: The HTTP server returned a redirect error that would lead to an infinite loop.
The last 30x error message was:
Moved Permanently
2017-06-15 13:19:52,286 ERROR    jiachengyu HTTP Error 301: The HTTP server returned a redirect error that would lead to an infinite loop.
The last 30x error message was:
Moved Permanently
2017-06-15 13:19:52,286 ERROR    jiachengyu HTTP Error 301: The HTTP server returned a redirect error that would lead to an infinite loop.
The last 30x error message was:
Moved Permanently
2017-06-15 13:21:17,125 ERROR    jiachengyu HTTP Error 301: The HTTP server returned a redirect error that would lead to an infinite loop.
The last 30x error message was:
Moved Permanently
2017-06-15 13:21:17,125 ERROR    jiachengyu HTTP Error 301: The HTTP server returned a redirect error that would lead to an infinite loop.
The last 30x error message was:
Moved Permanently
2017-06-15 13:21:17,125 ERROR    jiachengyu HTTP Error 301: The HTTP server returned a redirect error that would lead to an infinite loop.
The last 30x error message was:
Moved Permanently
2017-06-15 13:22:10,889 ERROR    jiachengyu HTTP Error 301: The HTTP server returned a redirect error that would lead to an infinite loop.
The last 30x error message was:
Moved Permanently
2017-06-15 13:22:10,889 ERROR    jiachengyu HTTP Error 301: The HTTP server returned a redirect error that would lead to an infinite loop.
The last 30x error message was:
Moved Permanently
2017-06-15 13:22:10,889 ERROR    jiachengyu HTTP Error 301: The HTTP server returned a redirect error that would lead to an infinite loop.
The last 30x error message was:
Moved Permanently
2017-06-15 13:24:46,950 ERROR    jiachengyu HTTP Error 301: The HTTP server returned a redirect error that would lead to an infinite loop.
The last 30x error message was:
Moved Permanently
2017-06-15 13:24:46,950 ERROR    jiachengyu HTTP Error 301: The HTTP server returned a redirect error that would lead to an infinite loop.
The last 30x error message was:
Moved Permanently
2017-06-15 13:24:46,950 ERROR    jiachengyu HTTP Error 301: The HTTP server returned a redirect error that would lead to an infinite loop.
The last 30x error message was:
Moved Permanently
2017-06-15 13:26:54,822 ERROR    jiachengyu 'Parser' object has no attribute 'mylog'
2017-06-15 13:26:54,822 ERROR    jiachengyu 'Parser' object has no attribute 'mylog'
2017-06-15 13:26:54,822 ERROR    jiachengyu 'Parser' object has no attribute 'mylog'
2017-06-15 13:27:06,769 ERROR    jiachengyu HTTP Error 301: The HTTP server returned a redirect error that would lead to an infinite loop.
The last 30x error message was:
Moved Permanently
2017-06-15 13:27:06,769 ERROR    jiachengyu HTTP Error 301: The HTTP server returned a redirect error that would lead to an infinite loop.
The last 30x error message was:
Moved Permanently
2017-06-15 13:27:06,769 ERROR    jiachengyu HTTP Error 301: The HTTP server returned a redirect error that would lead to an infinite loop.
The last 30x error message was:
Moved Permanently
2017-06-15 13:27:18,914 ERROR    jiachengyu HTTP Error 301: The HTTP server returned a redirect error that would lead to an infinite loop.
The last 30x error message was:
Moved Permanently
2017-06-15 13:27:18,914 ERROR    jiachengyu HTTP Error 301: The HTTP server returned a redirect error that would lead to an infinite loop.
The last 30x error message was:
Moved Permanently
2017-06-15 13:27:18,914 ERROR    jiachengyu HTTP Error 301: The HTTP server returned a redirect error that would lead to an infinite loop.
The last 30x error message was:
Moved Permanently
2017-06-15 13:30:08,697 ERROR    jiachengyu 'Parser' object has no attribute 'mylog'
2017-06-15 13:30:08,697 ERROR    jiachengyu 'Parser' object has no attribute 'mylog'
2017-06-15 13:30:08,697 ERROR    jiachengyu 'Parser' object has no attribute 'mylog'
2017-06-15 13:30:18,520 ERROR    jiachengyu HTTP Error 301: The HTTP server returned a redirect error that would lead to an infinite loop.
The last 30x error message was:
Moved Permanently
2017-06-15 13:30:18,520 ERROR    jiachengyu HTTP Error 301: The HTTP server returned a redirect error that would lead to an infinite loop.
The last 30x error message was:
Moved Permanently
2017-06-15 13:30:18,520 ERROR    jiachengyu HTTP Error 301: The HTTP server returned a redirect error that would lead to an infinite loop.
The last 30x error message was:
Moved Permanently
2017-06-15 13:30:27,529 ERROR    jiachengyu HTTP Error 301: The HTTP server returned a redirect error that would lead to an infinite loop.
The last 30x error message was:
Moved Permanently
2017-06-15 13:30:27,529 ERROR    jiachengyu HTTP Error 301: The HTTP server returned a redirect error that would lead to an infinite loop.
The last 30x error message was:
Moved Permanently
2017-06-15 13:30:27,529 ERROR    jiachengyu HTTP Error 301: The HTTP server returned a redirect error that would lead to an infinite loop.
The last 30x error message was:
Moved Permanently
2017-06-15 13:42:22,369 ERROR    jiachengyu isinstance() arg 2 must be a class, type, or tuple of classes and types
2017-06-15 13:42:22,369 ERROR    jiachengyu isinstance() arg 2 must be a class, type, or tuple of classes and types
2017-06-15 13:42:22,369 ERROR    jiachengyu isinstance() arg 2 must be a class, type, or tuple of classes and types
2017-06-15 13:42:31,914 ERROR    jiachengyu HTTP Error 301: The HTTP server returned a redirect error that would lead to an infinite loop.
The last 30x error message was:
Moved Permanently
2017-06-15 13:42:31,914 ERROR    jiachengyu HTTP Error 301: The HTTP server returned a redirect error that would lead to an infinite loop.
The last 30x error message was:
Moved Permanently
2017-06-15 13:42:31,914 ERROR    jiachengyu HTTP Error 301: The HTTP server returned a redirect error that would lead to an infinite loop.
The last 30x error message was:
Moved Permanently
2017-06-15 13:45:27,432 ERROR    jiachengyu HTTP Error 301: The HTTP server returned a redirect error that would lead to an infinite loop.
The last 30x error message was:
Moved Permanently
2017-06-15 13:45:27,432 ERROR    jiachengyu HTTP Error 301: The HTTP server returned a redirect error that would lead to an infinite loop.
The last 30x error message was:
Moved Permanently
2017-06-15 13:45:27,432 ERROR    jiachengyu HTTP Error 301: The HTTP server returned a redirect error that would lead to an infinite loop.
The last 30x error message was:
Moved Permanently
2017-06-15 13:59:28,548 ERROR    jiachengyu HTTP Error 301: The HTTP server returned a redirect error that would lead to an infinite loop.
The last 30x error message was:
Moved Permanently
2017-06-15 13:59:28,548 ERROR    jiachengyu HTTP Error 301: The HTTP server returned a redirect error that would lead to an infinite loop.
The last 30x error message was:
Moved Permanently
2017-06-15 13:59:28,548 ERROR    jiachengyu HTTP Error 301: The HTTP server returned a redirect error that would lead to an infinite loop.
The last 30x error message was:
Moved Permanently
2017-06-15 14:14:19,666 ERROR    jiachengyu cannot concatenate 'str' and 'Tag' objects
2017-06-15 14:14:19,666 ERROR    jiachengyu cannot concatenate 'str' and 'Tag' objects
2017-06-15 14:14:19,666 ERROR    jiachengyu cannot concatenate 'str' and 'Tag' objects
2017-06-15 14:14:32,945 ERROR    jiachengyu HTTP Error 301: The HTTP server returned a redirect error that would lead to an infinite loop.
The last 30x error message was:
Moved Permanently
2017-06-15 14:14:32,945 ERROR    jiachengyu HTTP Error 301: The HTTP server returned a redirect error that would lead to an infinite loop.
The last 30x error message was:
Moved Permanently
2017-06-15 14:14:32,945 ERROR    jiachengyu HTTP Error 301: The HTTP server returned a redirect error that would lead to an infinite loop.
The last 30x error message was:
Moved Permanently
2017-06-15 14:14:32,945 ERROR    jiachengyu HTTP Error 301: The HTTP server returned a redirect error that would lead to an infinite loop.
The last 30x error message was:
Moved Permanently
2017-06-15 14:14:32,945 ERROR    jiachengyu HTTP Error 301: The HTTP server returned a redirect error that would lead to an infinite loop.
The last 30x error message was:
Moved Permanently
2017-06-15 14:14:42,475 ERROR    jiachengyu HTTP Error 301: The HTTP server returned a redirect error that would lead to an infinite loop.
The last 30x error message was:
Moved Permanently
2017-06-15 14:14:42,475 ERROR    jiachengyu HTTP Error 301: The HTTP server returned a redirect error that would lead to an infinite loop.
The last 30x error message was:
Moved Permanently
2017-06-15 14:14:42,475 ERROR    jiachengyu HTTP Error 301: The HTTP server returned a redirect error that would lead to an infinite loop.
The last 30x error message was:
Moved Permanently
2017-06-15 14:14:42,475 ERROR    jiachengyu HTTP Error 301: The HTTP server returned a redirect error that would lead to an infinite loop.
The last 30x error message was:
Moved Permanently
2017-06-15 14:14:42,475 ERROR    jiachengyu HTTP Error 301: The HTTP server returned a redirect error that would lead to an infinite loop.
The last 30x error message was:
Moved Permanently
2017-06-15 14:14:51,193 ERROR    jiachengyu cannot concatenate 'str' and 'Tag' objects
2017-06-15 14:14:51,193 ERROR    jiachengyu cannot concatenate 'str' and 'Tag' objects
2017-06-15 14:14:51,193 ERROR    jiachengyu cannot concatenate 'str' and 'Tag' objects
2017-06-15 14:14:51,193 ERROR    jiachengyu cannot concatenate 'str' and 'Tag' objects
2017-06-15 14:14:51,193 ERROR    jiachengyu cannot concatenate 'str' and 'Tag' objects
2017-06-15 14:16:07,881 ERROR    jiachengyu HTTP Error 301: The HTTP server returned a redirect error that would lead to an infinite loop.
The last 30x error message was:
Moved Permanently
2017-06-15 14:16:07,881 ERROR    jiachengyu HTTP Error 301: The HTTP server returned a redirect error that would lead to an infinite loop.
The last 30x error message was:
Moved Permanently
2017-06-15 14:16:07,881 ERROR    jiachengyu HTTP Error 301: The HTTP server returned a redirect error that would lead to an infinite loop.
The last 30x error message was:
Moved Permanently
2017-06-15 14:16:22,619 ERROR    jiachengyu HTTP Error 301: The HTTP server returned a redirect error that would lead to an infinite loop.
The last 30x error message was:
Moved Permanently
2017-06-15 14:16:22,619 ERROR    jiachengyu HTTP Error 301: The HTTP server returned a redirect error that would lead to an infinite loop.
The last 30x error message was:
Moved Permanently
2017-06-15 14:16:22,619 ERROR    jiachengyu HTTP Error 301: The HTTP server returned a redirect error that would lead to an infinite loop.
The last 30x error message was:
Moved Permanently
2017-06-15 14:35:20,076 ERROR    jiachengyu HTTP Error 301: The HTTP server returned a redirect error that would lead to an infinite loop.
The last 30x error message was:
Moved Permanently
2017-06-15 14:35:20,076 ERROR    jiachengyu HTTP Error 301: The HTTP server returned a redirect error that would lead to an infinite loop.
The last 30x error message was:
Moved Permanently
2017-06-15 14:35:20,076 ERROR    jiachengyu HTTP Error 301: The HTTP server returned a redirect error that would lead to an infinite loop.
The last 30x error message was:
Moved Permanently
